<?xml version="1.0" encoding="utf-8"?><testsuites name="pytest tests"><testsuite name="pytest" errors="0" failures="0" skipped="0" tests="30" time="12.653" timestamp="2026-03-01T22:58:32.903149+00:00" hostname="agent-env-f2e12f27-abe9-4f61-90a0-4d2589d508d4"><testcase classname="backend.tests.test_phase5_game_changer_features.TestHealthCheck" name="test_health_endpoint" time="0.005" /><testcase classname="backend.tests.test_phase5_game_changer_features.TestSentimentAnalysis" name="test_sentiment_analysis_basic" time="6.226" /><testcase classname="backend.tests.test_phase5_game_changer_features.TestSentimentAnalysis" name="test_sentiment_analysis_negative_signals" time="1.743" /><testcase classname="backend.tests.test_phase5_game_changer_features.TestSentimentAnalysis" name="test_sentiment_analysis_buying_signals" time="1.363" /><testcase classname="backend.tests.test_phase5_game_changer_features.TestSentimentAnalysis" name="test_sentiment_emotions_structure" time="1.426" /><testcase classname="backend.tests.test_phase5_game_changer_features.TestDegradationPredictor" name="test_degradation_prediction_basic" time="0.003" /><testcase classname="backend.tests.test_phase5_game_changer_features.TestDegradationPredictor" name="test_degradation_prediction_tier1_manufacturer" time="0.002" /><testcase classname="backend.tests.test_phase5_game_changer_features.TestDegradationPredictor" name="test_degradation_prediction_tier3_manufacturer" time="0.002" /><testcase classname="backend.tests.test_phase5_game_changer_features.TestDegradationPredictor" name="test_degradation_maintenance_recommendations" time="0.002" /><testcase classname="backend.tests.test_phase5_game_changer_features.TestViralEffectTracker" name="test_viral_effect_basic" time="0.002" /><testcase classname="backend.tests.test_phase5_game_changer_features.TestViralEffectTracker" name="test_viral_effect_with_referral" time="0.002" /><testcase classname="backend.tests.test_phase5_game_changer_features.TestViralEffectTracker" name="test_viral_effect_neighbor_data" time="0.002" /><testcase classname="backend.tests.test_phase5_game_changer_features.TestViralEffectTracker" name="test_viral_effect_heatmap_data" time="0.002" /><testcase classname="backend.tests.test_phase5_game_changer_features.TestDynamicPricing" name="test_dynamic_pricing_basic" time="0.002" /><testcase classname="backend.tests.test_phase5_game_changer_features.TestDynamicPricing" name="test_dynamic_pricing_with_credit_score" time="0.002" /><testcase classname="backend.tests.test_phase5_game_changer_features.TestDynamicPricing" name="test_dynamic_pricing_cash_discount" time="0.002" /><testcase classname="backend.tests.test_phase5_game_changer_features.TestDynamicPricing" name="test_dynamic_pricing_competitor_match" time="0.002" /><testcase classname="backend.tests.test_phase5_game_changer_features.TestDynamicPricing" name="test_dynamic_pricing_referral_discount" time="0.002" /><testcase classname="backend.tests.test_phase5_game_changer_features.TestDynamicPricing" name="test_dynamic_pricing_financing_options" time="0.002" /><testcase classname="backend.tests.test_phase5_game_changer_features.TestARVisualizer" name="test_ar_visualizer_basic" time="0.002" /><testcase classname="backend.tests.test_phase5_game_changer_features.TestARVisualizer" name="test_ar_visualizer_panel_layout" time="0.002" /><testcase classname="backend.tests.test_phase5_game_changer_features.TestARVisualizer" name="test_ar_visualizer_overlay_data" time="0.002" /><testcase classname="backend.tests.test_phase5_game_changer_features.TestARVisualizer" name="test_ar_visualizer_sun_path" time="0.002" /><testcase classname="backend.tests.test_phase5_game_changer_features.TestARVisualizer" name="test_ar_visualizer_shade_analysis" time="0.002" /><testcase classname="backend.tests.test_phase5_game_changer_features.TestBlockchainContract" name="test_blockchain_contract_creation" time="0.005" /><testcase classname="backend.tests.test_phase5_game_changer_features.TestBlockchainContract" name="test_blockchain_contract_verification" time="0.006" /><testcase classname="backend.tests.test_phase5_game_changer_features.TestBlockchainContract" name="test_blockchain_contract_not_found" time="0.002" /><testcase classname="backend.tests.test_phase5_game_changer_features.TestBlockchainContract" name="test_blockchain_hash_uniqueness" time="0.005" /><testcase classname="backend.tests.test_phase5_game_changer_features.TestBlockchainContract" name="test_blockchain_legal_compliance_fields" time="0.003" /><testcase classname="backend.tests.test_phase5_game_changer_features.TestPhase5Integration" name="test_full_sales_flow" time="1.706" /></testsuite></testsuites>