<?xml version="1.0" encoding="utf-8"?><testsuites name="pytest tests"><testsuite name="pytest" errors="0" failures="0" skipped="0" tests="18" time="4.836" timestamp="2026-03-01T21:51:41.995011+00:00" hostname="agent-env-f2e12f27-abe9-4f61-90a0-4d2589d508d4"><testcase classname="backend.tests.test_advanced_features.TestHealthEndpoint" name="test_health_check" time="0.004" /><testcase classname="backend.tests.test_advanced_features.TestVoiceAnalyzer" name="test_voice_analyzer_with_transcript" time="4.691" /><testcase classname="backend.tests.test_advanced_features.TestVoiceAnalyzer" name="test_voice_analyzer_without_transcript" time="0.003" /><testcase classname="backend.tests.test_advanced_features.TestContractGenerator" name="test_generate_contract_loan_financing" time="0.002" /><testcase classname="backend.tests.test_advanced_features.TestContractGenerator" name="test_generate_contract_cash_financing" time="0.002" /><testcase classname="backend.tests.test_advanced_features.TestContractGenerator" name="test_generate_contract_with_battery" time="0.002" /><testcase classname="backend.tests.test_advanced_features.TestMaintenanceAlerts" name="test_get_maintenance_alerts" time="0.002" /><testcase classname="backend.tests.test_advanced_features.TestMaintenanceAlerts" name="test_maintenance_alerts_with_rep_id" time="0.002" /><testcase classname="backend.tests.test_advanced_features.TestRevenueForecast" name="test_revenue_forecast_quarterly" time="0.002" /><testcase classname="backend.tests.test_advanced_features.TestRevenueForecast" name="test_revenue_forecast_monthly" time="0.002" /><testcase classname="backend.tests.test_advanced_features.TestRevenueForecast" name="test_revenue_forecast_yearly" time="0.002" /><testcase classname="backend.tests.test_advanced_features.TestTerritoryValueCalculator" name="test_territory_value_calculation" time="0.002" /><testcase classname="backend.tests.test_advanced_features.TestTerritoryValueCalculator" name="test_territory_value_different_id" time="0.002" /><testcase classname="backend.tests.test_advanced_features.TestCompetitorAnalysis" name="test_competitor_analysis" time="0.002" /><testcase classname="backend.tests.test_advanced_features.TestCreditCheck" name="test_credit_check_success" time="0.002" /><testcase classname="backend.tests.test_advanced_features.TestCreditCheck" name="test_credit_check_required_fields" time="0.002" /><testcase classname="backend.tests.test_advanced_features.TestRoofMeasurement" name="test_roof_measurement" time="0.002" /><testcase classname="backend.tests.test_advanced_features.TestRoofMeasurement" name="test_roof_measurement_different_address" time="0.002" /></testsuite></testsuites>