<?xml version="1.0" encoding="utf-8"?><testsuites name="pytest tests"><testsuite name="pytest" errors="0" failures="0" skipped="0" tests="18" time="0.141" timestamp="2026-03-01T22:22:50.971858+00:00" hostname="agent-env-f2e12f27-abe9-4f61-90a0-4d2589d508d4"><testcase classname="tests.test_phase4_mobile_features.TestHealthEndpoint" name="test_health_check" time="0.005" /><testcase classname="tests.test_phase4_mobile_features.TestVoiceNotes" name="test_create_voice_note" time="0.006" /><testcase classname="tests.test_phase4_mobile_features.TestVoiceNotes" name="test_create_voice_note_minimal" time="0.003" /><testcase classname="tests.test_phase4_mobile_features.TestVoiceNotes" name="test_get_voice_notes_list" time="0.003" /><testcase classname="tests.test_phase4_mobile_features.TestVoiceNotes" name="test_get_voice_notes_with_rep_filter" time="0.005" /><testcase classname="tests.test_phase4_mobile_features.TestVoiceNotes" name="test_get_voice_notes_with_limit" time="0.003" /><testcase classname="tests.test_phase4_mobile_features.TestBusinessCardScanner" name="test_scan_business_card" time="0.002" /><testcase classname="tests.test_phase4_mobile_features.TestBusinessCardScanner" name="test_scan_business_card_response_format" time="0.002" /><testcase classname="tests.test_phase4_mobile_features.TestCardExchange" name="test_bluetooth_card_exchange" time="0.003" /><testcase classname="tests.test_phase4_mobile_features.TestCardExchange" name="test_nfc_card_exchange" time="0.003" /><testcase classname="tests.test_phase4_mobile_features.TestCardExchange" name="test_qr_card_exchange" time="0.003" /><testcase classname="tests.test_phase4_mobile_features.TestOfflineSync" name="test_sync_empty_actions" time="0.002" /><testcase classname="tests.test_phase4_mobile_features.TestOfflineSync" name="test_sync_create_lead_action" time="0.003" /><testcase classname="tests.test_phase4_mobile_features.TestOfflineSync" name="test_sync_create_appointment_action" time="0.003" /><testcase classname="tests.test_phase4_mobile_features.TestOfflineSync" name="test_sync_multiple_actions" time="0.003" /><testcase classname="tests.test_phase4_mobile_features.TestOfflineSync" name="test_sync_update_actions" time="0.003" /><testcase classname="tests.test_phase4_mobile_features.TestOfflineSync" name="test_sync_unknown_action_type" time="0.002" /><testcase classname="tests.test_phase4_mobile_features.TestOfflineSync" name="test_sync_with_last_sync_timestamp" time="0.003" /></testsuite></testsuites>